C:\USERS\JONATHAN_MOORE\DOCUMENTS\VISUAL STUDIO 2012\PROJECTS\CONCURRENT\CHESS\DEBUG\MICROSOFT.MANAGEDCHESS.MCHESS.DLL
C:\USERS\JONATHAN_MOORE\DOCUMENTS\VISUAL STUDIO 2012\PROJECTS\CONCURRENT\CHESS\DEBUG\MICROSOFT.MANAGEDCHESS.MCHESS.DLL.MANIFEST
C:\Users\Jonathan_Moore\Documents\Visual Studio 2012\Projects\Concurrent\CHESS\Debug\Microsoft.ManagedChess.MChess.exp
C:\Users\Jonathan_Moore\Documents\Visual Studio 2012\Projects\Concurrent\CHESS\Debug\Microsoft.ManagedChess.MChess.lib
C:\USERS\JONATHAN_MOORE\DOCUMENTS\VISUAL STUDIO 2012\PROJECTS\CONCURRENT\CHESS\DEBUG\MICROSOFT.MANAGEDCHESS.MCHESS.PDB
C:\USERS\JONATHAN_MOORE\DOCUMENTS\VISUAL STUDIO 2012\PROJECTS\CONCURRENT\CHESS\MANAGEDCHESS\MCHESS\DEBUG\.NETFRAMEWORK,VERSION=V4.0.ASSEMBLYATTRIBUTES.OBJ
C:\USERS\JONATHAN_MOORE\DOCUMENTS\VISUAL STUDIO 2012\PROJECTS\CONCURRENT\CHESS\MANAGEDCHESS\MCHESS\DEBUG\ASSEMBLYINFO.OBJ
C:\USERS\JONATHAN_MOORE\DOCUMENTS\VISUAL STUDIO 2012\PROJECTS\CONCURRENT\CHESS\MANAGEDCHESS\MCHESS\DEBUG\MANAGEDCHESS.OBJ
C:\USERS\JONATHAN_MOORE\DOCUMENTS\VISUAL STUDIO 2012\PROJECTS\CONCURRENT\CHESS\MANAGEDCHESS\MCHESS\DEBUG\MICROSOFT.MANAGEDCHESS.MCHESS.DLL.INTERMEDIATE.MANIFEST
C:\USERS\JONATHAN_MOORE\DOCUMENTS\VISUAL STUDIO 2012\PROJECTS\CONCURRENT\CHESS\MANAGEDCHESS\MCHESS\DEBUG\NATIVEWRAPPERS.OBJ
C:\USERS\JONATHAN_MOORE\DOCUMENTS\VISUAL STUDIO 2012\PROJECTS\CONCURRENT\CHESS\MANAGEDCHESS\MCHESS\DEBUG\VC110.PDB
C:\USERS\JONATHAN_MOORE\DOCUMENTS\VISUAL STUDIO 2012\PROJECTS\CONCURRENT\CHESS\MANAGEDCHESS\MCHESS\DEBUG\VERSION.OBJ
D:\Microsoft\VERVE\CHESS\Debug\Microsoft.ManagedChess.MChess.dll
D:\Microsoft\VERVE\CHESS\Debug\Microsoft.ManagedChess.MChess.dll.manifest
D:\Microsoft\VERVE\CHESS\Debug\Microsoft.ManagedChess.MChess.pdb
D:\Microsoft\VERVE\CHESS\ManagedChess\MChess\Debug\.NETFramework,Version=v4.0.AssemblyAttributes.obj
D:\Microsoft\VERVE\CHESS\ManagedChess\MChess\Debug\AssemblyInfo.obj
D:\Microsoft\VERVE\CHESS\ManagedChess\MChess\Debug\cl.command.1.tlog
D:\Microsoft\VERVE\CHESS\ManagedChess\MChess\Debug\CL.read.1.tlog
D:\Microsoft\VERVE\CHESS\ManagedChess\MChess\Debug\CL.write.1.tlog
D:\Microsoft\VERVE\CHESS\ManagedChess\MChess\Debug\link.command.1.tlog
D:\Microsoft\VERVE\CHESS\ManagedChess\MChess\Debug\link.read.1.tlog
D:\Microsoft\VERVE\CHESS\ManagedChess\MChess\Debug\link.write.1.tlog
D:\Microsoft\VERVE\CHESS\ManagedChess\MChess\Debug\ManagedChess.obj
D:\Microsoft\VERVE\CHESS\ManagedChess\MChess\Debug\MChess.write.1.tlog
D:\Microsoft\VERVE\CHESS\ManagedChess\MChess\Debug\metagen.read.1.tlog
D:\Microsoft\VERVE\CHESS\ManagedChess\MChess\Debug\metagen.write.1.tlog
D:\Microsoft\VERVE\CHESS\ManagedChess\MChess\Debug\Microsoft.ManagedChess.MChess.dll.intermediate.manifest
D:\Microsoft\VERVE\CHESS\ManagedChess\MChess\Debug\mt.command.1.tlog
D:\Microsoft\VERVE\CHESS\ManagedChess\MChess\Debug\mt.read.1.tlog
D:\Microsoft\VERVE\CHESS\ManagedChess\MChess\Debug\mt.write.1.tlog
D:\Microsoft\VERVE\CHESS\ManagedChess\MChess\Debug\NativeWrappers.obj
D:\Microsoft\VERVE\CHESS\ManagedChess\MChess\Debug\TZRES.DLL.bi
D:\Microsoft\VERVE\CHESS\ManagedChess\MChess\Debug\vc110.pdb
D:\Microsoft\VERVE\CHESS\ManagedChess\MChess\Debug\version.obj
