C:\USERS\JONATHAN_MOORE\DOCUMENTS\VISUAL STUDIO 2012\PROJECTS\CONCURRENT\CHESS\DEBUG\WIN32CHESS.DLL
C:\Users\Jonathan_Moore\Documents\Visual Studio 2012\Projects\Concurrent\CHESS\Debug\Win32Chess.exp
C:\Users\Jonathan_Moore\Documents\Visual Studio 2012\Projects\Concurrent\CHESS\Debug\Win32Chess.lib
C:\USERS\JONATHAN_MOORE\DOCUMENTS\VISUAL STUDIO 2012\PROJECTS\CONCURRENT\CHESS\DEBUG\WIN32CHESS.PDB
C:\USERS\JONATHAN_MOORE\DOCUMENTS\VISUAL STUDIO 2012\PROJECTS\CONCURRENT\CHESS\WIN32CHESS\DEBUG\CHESSWRAPPERSENTRY.OBJ
C:\USERS\JONATHAN_MOORE\DOCUMENTS\VISUAL STUDIO 2012\PROJECTS\CONCURRENT\CHESS\WIN32CHESS\DEBUG\IATDETOURS.OBJ
C:\USERS\JONATHAN_MOORE\DOCUMENTS\VISUAL STUDIO 2012\PROJECTS\CONCURRENT\CHESS\WIN32CHESS\DEBUG\MEMORYWRAPPERS.OBJ
C:\USERS\JONATHAN_MOORE\DOCUMENTS\VISUAL STUDIO 2012\PROJECTS\CONCURRENT\CHESS\WIN32CHESS\DEBUG\SEMAPHORE.OBJ
C:\USERS\JONATHAN_MOORE\DOCUMENTS\VISUAL STUDIO 2012\PROJECTS\CONCURRENT\CHESS\WIN32CHESS\DEBUG\STACKWALKHELPER.OBJ
C:\USERS\JONATHAN_MOORE\DOCUMENTS\VISUAL STUDIO 2012\PROJECTS\CONCURRENT\CHESS\WIN32CHESS\DEBUG\VC110.PDB
C:\USERS\JONATHAN_MOORE\DOCUMENTS\VISUAL STUDIO 2012\PROJECTS\CONCURRENT\CHESS\WIN32CHESS\DEBUG\WIN32.OBJ
C:\USERS\JONATHAN_MOORE\DOCUMENTS\VISUAL STUDIO 2012\PROJECTS\CONCURRENT\CHESS\WIN32CHESS\DEBUG\WIN32ASYNCPROC.OBJ
C:\USERS\JONATHAN_MOORE\DOCUMENTS\VISUAL STUDIO 2012\PROJECTS\CONCURRENT\CHESS\WIN32CHESS\DEBUG\WIN32CHESS.OBJ
C:\USERS\JONATHAN_MOORE\DOCUMENTS\VISUAL STUDIO 2012\PROJECTS\CONCURRENT\CHESS\WIN32CHESS\DEBUG\WIN32CRITICALSECTION.OBJ
C:\USERS\JONATHAN_MOORE\DOCUMENTS\VISUAL STUDIO 2012\PROJECTS\CONCURRENT\CHESS\WIN32CHESS\DEBUG\WIN32IOCOMPLETION.OBJ
C:\USERS\JONATHAN_MOORE\DOCUMENTS\VISUAL STUDIO 2012\PROJECTS\CONCURRENT\CHESS\WIN32CHESS\DEBUG\WIN32SYNCMANAGER.OBJ
C:\USERS\JONATHAN_MOORE\DOCUMENTS\VISUAL STUDIO 2012\PROJECTS\CONCURRENT\CHESS\WIN32CHESS\DEBUG\WIN32TIMERS.OBJ
C:\USERS\JONATHAN_MOORE\DOCUMENTS\VISUAL STUDIO 2012\PROJECTS\CONCURRENT\CHESS\WIN32CHESS\DEBUG\WIN32WRAPPERMANAGER.OBJ
C:\USERS\JONATHAN_MOORE\DOCUMENTS\VISUAL STUDIO 2012\PROJECTS\CONCURRENT\CHESS\WIN32CHESS\DEBUG\WIN32WRAPPERS.OBJ
C:\USERS\JONATHAN_MOORE\DOCUMENTS\VISUAL STUDIO 2012\PROJECTS\CONCURRENT\CHESS\WIN32CHESS\DEBUG\WRAPPERSCONSOLE.OBJ
C:\USERS\JONATHAN_MOORE\DOCUMENTS\VISUAL STUDIO 2012\PROJECTS\CONCURRENT\CHESS\WIN32CHESS\DEBUG\WRAPPERSFLTLIB.OBJ
C:\USERS\JONATHAN_MOORE\DOCUMENTS\VISUAL STUDIO 2012\PROJECTS\CONCURRENT\CHESS\WIN32CHESS\DEBUG\WRAPPERSMSVCRT.OBJ
D:\Microsoft\VERVE\CHESS\Debug\Win32Chess.dll
D:\Microsoft\VERVE\CHESS\Debug\Win32Chess.pdb
D:\Microsoft\VERVE\CHESS\Win32Chess\Debug\ChessWrapperSentry.obj
D:\Microsoft\VERVE\CHESS\Win32Chess\Debug\cl.command.1.tlog
D:\Microsoft\VERVE\CHESS\Win32Chess\Debug\CL.read.1.tlog
D:\Microsoft\VERVE\CHESS\Win32Chess\Debug\CL.write.1.tlog
D:\Microsoft\VERVE\CHESS\Win32Chess\Debug\IATDetours.obj
D:\Microsoft\VERVE\CHESS\Win32Chess\Debug\link.command.1.tlog
D:\Microsoft\VERVE\CHESS\Win32Chess\Debug\link.read.1.tlog
D:\Microsoft\VERVE\CHESS\Win32Chess\Debug\link.write.1.tlog
D:\Microsoft\VERVE\CHESS\Win32Chess\Debug\link-cvtres.read.1.tlog
D:\Microsoft\VERVE\CHESS\Win32Chess\Debug\link-cvtres.write.1.tlog
D:\Microsoft\VERVE\CHESS\Win32Chess\Debug\link-rc.read.1.tlog
D:\Microsoft\VERVE\CHESS\Win32Chess\Debug\link-rc.write.1.tlog
D:\Microsoft\VERVE\CHESS\Win32Chess\Debug\MemoryWrappers.obj
D:\Microsoft\VERVE\CHESS\Win32Chess\Debug\Semaphore.obj
D:\Microsoft\VERVE\CHESS\Win32Chess\Debug\StackWalkHelper.obj
D:\Microsoft\VERVE\CHESS\Win32Chess\Debug\vc110.idb
D:\Microsoft\VERVE\CHESS\Win32Chess\Debug\vc110.pdb
D:\Microsoft\VERVE\CHESS\Win32Chess\Debug\win32.obj
D:\Microsoft\VERVE\CHESS\Win32Chess\Debug\Win32AsyncProc.obj
D:\Microsoft\VERVE\CHESS\Win32Chess\Debug\Win32Chess.obj
D:\Microsoft\VERVE\CHESS\Win32Chess\Debug\Win32Chess.vcxprojResolveAssemblyReference.cache
D:\Microsoft\VERVE\CHESS\Win32Chess\Debug\Win32Chess.write.1.tlog
D:\Microsoft\VERVE\CHESS\Win32Chess\Debug\Win32CriticalSection.obj
D:\Microsoft\VERVE\CHESS\Win32Chess\Debug\Win32IOCompletion.obj
D:\Microsoft\VERVE\CHESS\Win32Chess\Debug\Win32SyncManager.obj
D:\Microsoft\VERVE\CHESS\Win32Chess\Debug\Win32Timers.obj
D:\Microsoft\VERVE\CHESS\Win32Chess\Debug\Win32WrapperManager.obj
D:\Microsoft\VERVE\CHESS\Win32Chess\Debug\Win32Wrappers.obj
D:\Microsoft\VERVE\CHESS\Win32Chess\Debug\WrappersConsole.obj
D:\Microsoft\VERVE\CHESS\Win32Chess\Debug\WrappersFltLib.obj
D:\Microsoft\VERVE\CHESS\Win32Chess\Debug\WrappersMSVCRT.obj
