C:\USERS\JONATHAN_MOORE\DOCUMENTS\VISUAL STUDIO 2012\PROJECTS\CONCURRENT\CHESS\CHECKER\DEBUG\CHECKER.OBJ
C:\USERS\JONATHAN_MOORE\DOCUMENTS\VISUAL STUDIO 2012\PROJECTS\CONCURRENT\CHESS\CHECKER\DEBUG\VC110.PDB
C:\USERS\JONATHAN_MOORE\DOCUMENTS\VISUAL STUDIO 2012\PROJECTS\CONCURRENT\CHESS\DEBUG\WCHESS.EXE
C:\Users\Jonathan_Moore\Documents\Visual Studio 2012\Projects\Concurrent\CHESS\Debug\wchess.exp
C:\Users\Jonathan_Moore\Documents\Visual Studio 2012\Projects\Concurrent\CHESS\Debug\wchess.lib
C:\USERS\JONATHAN_MOORE\DOCUMENTS\VISUAL STUDIO 2012\PROJECTS\CONCURRENT\CHESS\DEBUG\WCHESS.PDB
D:\Microsoft\VERVE\CHESS\Checker\Debug\Checker.obj
D:\Microsoft\VERVE\CHESS\Checker\Debug\Checker.vcxprojResolveAssemblyReference.cache
D:\Microsoft\VERVE\CHESS\Checker\Debug\Checker.write.1.tlog
D:\Microsoft\VERVE\CHESS\Checker\Debug\cl.command.1.tlog
D:\Microsoft\VERVE\CHESS\Checker\Debug\CL.read.1.tlog
D:\Microsoft\VERVE\CHESS\Checker\Debug\CL.write.1.tlog
D:\Microsoft\VERVE\CHESS\Checker\Debug\link.command.1.tlog
D:\Microsoft\VERVE\CHESS\Checker\Debug\link.read.1.tlog
D:\Microsoft\VERVE\CHESS\Checker\Debug\link.write.1.tlog
D:\Microsoft\VERVE\CHESS\Checker\Debug\link-cvtres.read.1.tlog
D:\Microsoft\VERVE\CHESS\Checker\Debug\link-cvtres.write.1.tlog
D:\Microsoft\VERVE\CHESS\Checker\Debug\link-rc.read.1.tlog
D:\Microsoft\VERVE\CHESS\Checker\Debug\link-rc.write.1.tlog
D:\Microsoft\VERVE\CHESS\Checker\Debug\vc110.pdb
D:\Microsoft\VERVE\CHESS\Debug\wchess.exe
D:\Microsoft\VERVE\CHESS\Debug\wchess.pdb
