C:\USERS\JONATHAN_MOORE\DOCUMENTS\VISUAL STUDIO 2012\PROJECTS\CONCURRENT\CHESS\DEBUG\WIN32MFCWRAPPERS.DLL
C:\Users\Jonathan_Moore\Documents\Visual Studio 2012\Projects\Concurrent\CHESS\Debug\Win32MFCWrappers.exp
C:\USERS\JONATHAN_MOORE\DOCUMENTS\VISUAL STUDIO 2012\PROJECTS\CONCURRENT\CHESS\DEBUG\WIN32MFCWRAPPERS.ILK
C:\Users\Jonathan_Moore\Documents\Visual Studio 2012\Projects\Concurrent\CHESS\Debug\Win32MFCWrappers.lib
C:\USERS\JONATHAN_MOORE\DOCUMENTS\VISUAL STUDIO 2012\PROJECTS\CONCURRENT\CHESS\DEBUG\WIN32MFCWRAPPERS.PDB
C:\USERS\JONATHAN_MOORE\DOCUMENTS\VISUAL STUDIO 2012\PROJECTS\CONCURRENT\CHESS\WIN32CHESS\WIN32MFCWRAPPERS\DEBUG\VC110.PDB
C:\USERS\JONATHAN_MOORE\DOCUMENTS\VISUAL STUDIO 2012\PROJECTS\CONCURRENT\CHESS\WIN32CHESS\WIN32MFCWRAPPERS\DEBUG\WIN32MFCWRAPPERS.OBJ
D:\Microsoft\VERVE\CHESS\Debug\Win32MFCWrappers.dll
D:\Microsoft\VERVE\CHESS\Debug\Win32MFCWrappers.ilk
D:\Microsoft\VERVE\CHESS\Debug\Win32MFCWrappers.pdb
D:\Microsoft\VERVE\CHESS\Win32Chess\Win32MFCWrappers\Debug\cl.command.1.tlog
D:\Microsoft\VERVE\CHESS\Win32Chess\Win32MFCWrappers\Debug\CL.read.1.tlog
D:\Microsoft\VERVE\CHESS\Win32Chess\Win32MFCWrappers\Debug\CL.write.1.tlog
D:\Microsoft\VERVE\CHESS\Win32Chess\Win32MFCWrappers\Debug\link.command.1.tlog
D:\Microsoft\VERVE\CHESS\Win32Chess\Win32MFCWrappers\Debug\link.read.1.tlog
D:\Microsoft\VERVE\CHESS\Win32Chess\Win32MFCWrappers\Debug\link.write.1.tlog
D:\Microsoft\VERVE\CHESS\Win32Chess\Win32MFCWrappers\Debug\link-cvtres.read.1.tlog
D:\Microsoft\VERVE\CHESS\Win32Chess\Win32MFCWrappers\Debug\link-cvtres.write.1.tlog
D:\Microsoft\VERVE\CHESS\Win32Chess\Win32MFCWrappers\Debug\link-rc.read.1.tlog
D:\Microsoft\VERVE\CHESS\Win32Chess\Win32MFCWrappers\Debug\link-rc.write.1.tlog
D:\Microsoft\VERVE\CHESS\Win32Chess\Win32MFCWrappers\Debug\vc110.idb
D:\Microsoft\VERVE\CHESS\Win32Chess\Win32MFCWrappers\Debug\vc110.pdb
D:\Microsoft\VERVE\CHESS\Win32Chess\Win32MFCWrappers\Debug\Win32MFCWrappers.obj
D:\Microsoft\VERVE\CHESS\Win32Chess\Win32MFCWrappers\Debug\Win32MFCWrappers.vcxprojResolveAssemblyReference.cache
D:\Microsoft\VERVE\CHESS\Win32Chess\Win32MFCWrappers\Debug\Win32MFCWrappers.write.1.tlog
