C:\USERS\JONATHAN_MOORE\DOCUMENTS\VISUAL STUDIO 2012\PROJECTS\CONCURRENT\CHESS\DEBUG\WIN32VISTAWRAPPERS.DLL
C:\Users\Jonathan_Moore\Documents\Visual Studio 2012\Projects\Concurrent\CHESS\Debug\Win32VistaWrappers.exp
C:\Users\Jonathan_Moore\Documents\Visual Studio 2012\Projects\Concurrent\CHESS\Debug\Win32VistaWrappers.lib
C:\USERS\JONATHAN_MOORE\DOCUMENTS\VISUAL STUDIO 2012\PROJECTS\CONCURRENT\CHESS\DEBUG\WIN32VISTAWRAPPERS.PDB
C:\USERS\JONATHAN_MOORE\DOCUMENTS\VISUAL STUDIO 2012\PROJECTS\CONCURRENT\CHESS\WIN32CHESS\WIN32VISTAWRAPPERS\DEBUG\VC110.PDB
C:\USERS\JONATHAN_MOORE\DOCUMENTS\VISUAL STUDIO 2012\PROJECTS\CONCURRENT\CHESS\WIN32CHESS\WIN32VISTAWRAPPERS\DEBUG\WIN32CONDITIONVARIABLE.OBJ
C:\USERS\JONATHAN_MOORE\DOCUMENTS\VISUAL STUDIO 2012\PROJECTS\CONCURRENT\CHESS\WIN32CHESS\WIN32VISTAWRAPPERS\DEBUG\WIN32SRWLOCK.OBJ
C:\USERS\JONATHAN_MOORE\DOCUMENTS\VISUAL STUDIO 2012\PROJECTS\CONCURRENT\CHESS\WIN32CHESS\WIN32VISTAWRAPPERS\DEBUG\WIN32VISTAWRAPPERS.OBJ
D:\Microsoft\VERVE\CHESS\Debug\Win32VistaWrappers.dll
D:\Microsoft\VERVE\CHESS\Debug\Win32VistaWrappers.pdb
D:\Microsoft\VERVE\CHESS\Win32Chess\Win32VistaWrappers\Debug\cl.command.1.tlog
D:\Microsoft\VERVE\CHESS\Win32Chess\Win32VistaWrappers\Debug\CL.read.1.tlog
D:\Microsoft\VERVE\CHESS\Win32Chess\Win32VistaWrappers\Debug\CL.write.1.tlog
D:\Microsoft\VERVE\CHESS\Win32Chess\Win32VistaWrappers\Debug\link.command.1.tlog
D:\Microsoft\VERVE\CHESS\Win32Chess\Win32VistaWrappers\Debug\link.read.1.tlog
D:\Microsoft\VERVE\CHESS\Win32Chess\Win32VistaWrappers\Debug\link.write.1.tlog
D:\Microsoft\VERVE\CHESS\Win32Chess\Win32VistaWrappers\Debug\link-cvtres.read.1.tlog
D:\Microsoft\VERVE\CHESS\Win32Chess\Win32VistaWrappers\Debug\link-cvtres.write.1.tlog
D:\Microsoft\VERVE\CHESS\Win32Chess\Win32VistaWrappers\Debug\link-rc.read.1.tlog
D:\Microsoft\VERVE\CHESS\Win32Chess\Win32VistaWrappers\Debug\link-rc.write.1.tlog
D:\Microsoft\VERVE\CHESS\Win32Chess\Win32VistaWrappers\Debug\vc110.idb
D:\Microsoft\VERVE\CHESS\Win32Chess\Win32VistaWrappers\Debug\vc110.pdb
D:\Microsoft\VERVE\CHESS\Win32Chess\Win32VistaWrappers\Debug\Win32ConditionVariable.obj
D:\Microsoft\VERVE\CHESS\Win32Chess\Win32VistaWrappers\Debug\Win32SRWLock.obj
D:\Microsoft\VERVE\CHESS\Win32Chess\Win32VistaWrappers\Debug\Win32VistaWrappers.obj
D:\Microsoft\VERVE\CHESS\Win32Chess\Win32VistaWrappers\Debug\Win32VistaWrappers.vcxprojResolveAssemblyReference.cache
D:\Microsoft\VERVE\CHESS\Win32Chess\Win32VistaWrappers\Debug\Win32VistaWrappers.write.1.tlog
