C:\USERS\JONATHAN_MOORE\DOCUMENTS\VISUAL STUDIO 2012\PROJECTS\CONCURRENT\CHESS\DEBUG\WIN32W2K3WRAPPERS.DLL
C:\Users\Jonathan_Moore\Documents\Visual Studio 2012\Projects\Concurrent\CHESS\Debug\Win32W2k3Wrappers.exp
C:\Users\Jonathan_Moore\Documents\Visual Studio 2012\Projects\Concurrent\CHESS\Debug\Win32W2k3Wrappers.lib
C:\USERS\JONATHAN_MOORE\DOCUMENTS\VISUAL STUDIO 2012\PROJECTS\CONCURRENT\CHESS\DEBUG\WIN32W2K3WRAPPERS.PDB
C:\USERS\JONATHAN_MOORE\DOCUMENTS\VISUAL STUDIO 2012\PROJECTS\CONCURRENT\CHESS\WIN32CHESS\WIN32W2K3WRAPPERS\DEBUG\VC110.PDB
C:\USERS\JONATHAN_MOORE\DOCUMENTS\VISUAL STUDIO 2012\PROJECTS\CONCURRENT\CHESS\WIN32CHESS\WIN32W2K3WRAPPERS\DEBUG\WIN32W2K3WRAPPERS.OBJ
D:\Microsoft\VERVE\CHESS\Debug\Win32W2k3Wrappers.dll
D:\Microsoft\VERVE\CHESS\Debug\Win32W2k3Wrappers.pdb
D:\Microsoft\VERVE\CHESS\Win32Chess\Win32W2k3Wrappers\Debug\cl.command.1.tlog
D:\Microsoft\VERVE\CHESS\Win32Chess\Win32W2k3Wrappers\Debug\CL.read.1.tlog
D:\Microsoft\VERVE\CHESS\Win32Chess\Win32W2k3Wrappers\Debug\CL.write.1.tlog
D:\Microsoft\VERVE\CHESS\Win32Chess\Win32W2k3Wrappers\Debug\link.command.1.tlog
D:\Microsoft\VERVE\CHESS\Win32Chess\Win32W2k3Wrappers\Debug\link.read.1.tlog
D:\Microsoft\VERVE\CHESS\Win32Chess\Win32W2k3Wrappers\Debug\link.write.1.tlog
D:\Microsoft\VERVE\CHESS\Win32Chess\Win32W2k3Wrappers\Debug\link-cvtres.read.1.tlog
D:\Microsoft\VERVE\CHESS\Win32Chess\Win32W2k3Wrappers\Debug\link-cvtres.write.1.tlog
D:\Microsoft\VERVE\CHESS\Win32Chess\Win32W2k3Wrappers\Debug\link-rc.read.1.tlog
D:\Microsoft\VERVE\CHESS\Win32Chess\Win32W2k3Wrappers\Debug\link-rc.write.1.tlog
D:\Microsoft\VERVE\CHESS\Win32Chess\Win32W2k3Wrappers\Debug\vc110.idb
D:\Microsoft\VERVE\CHESS\Win32Chess\Win32W2k3Wrappers\Debug\vc110.pdb
D:\Microsoft\VERVE\CHESS\Win32Chess\Win32W2k3Wrappers\Debug\Win32W2k3Wrappers.obj
D:\Microsoft\VERVE\CHESS\Win32Chess\Win32W2k3Wrappers\Debug\Win32W2k3Wrappers.vcxprojResolveAssemblyReference.cache
D:\Microsoft\VERVE\CHESS\Win32Chess\Win32W2k3Wrappers\Debug\Win32W2k3Wrappers.write.1.tlog
